============================================================
Phase 3 — In-game model training
============================================================
Loading ingame snapshots (5.5M rows — may take a moment)...
Loaded ingame snapshots: 5,567,812 rows
Replaced pre_game_prob placeholder  (mean=0.5683)
Split → train: 3,853,816  val: 574,404  test: 567,669  holdout: 571,923
Calibration carve by game_id → train_proper: 3,274,362 rows (85.0%)  calibration: 579,454 rows (15.0%)
Val OT rows for OT calibrator: 4,602
Using default params: {'objective': 'binary:logistic', 'n_estimators': 500, 'max_depth': 6, 'learning_rate': 0.05, 'subsample': 0.8, 'colsample_bytree': 0.8, 'min_child_weight': 10, 'tree_method': 'hist', 'random_state': 42, 'n_jobs': -1}
[0]	validation_0-logloss:0.66510
[100]	validation_0-logloss:0.49070
[158]	validation_0-logloss:0.49125
XGBoost training done. Best iteration: 108
[VAL (uncalibrated)]  brier=0.1654  ece=0.0116  auc=0.8273
  Calibration samples — Q1-Q2 (Phase A): 285,975
  Calibration samples — Q3-Q4 (Phase B): 289,106
  Calibration samples — OT    (Phase C): 4,373
  OT calibration: val rows only = 4,602 (cal OT rows excluded to avoid era-shift dilution)
Stratified calibration fitted (all phases isotonic; OT uses cal+val).
[VAL (calibrated)]  brier=0.1664  ece=0.0266  auc=0.8271
[TEST (calibrated)]  brier=0.1512  ece=0.0129  auc=0.8618
Model saved → /Users/chen/cs-stuff/ml-accelerator/lebron-is-the-goat/model/ingame.pkl

Done. Target metrics: Brier <0.18, ECE <5%, AUC-ROC >0.80
